<?xml version="1.0" encoding="UTF-8"?>
<!-- Generated by org.testng.reporters.JUnitReportReporter -->
<testsuite hostname="DESKTOP-4T9R7PN" failures="0" tests="1" name="com.qa.addProductsDevTest.runner.TestRunner" time="64.802" errors="0" timestamp="16 Nov 2020 08:46:11 GMT">
  <testcase classname="com.qa.addProductsDevTest.runner.TestRunner" name="feature" time="64.802"/>
</testsuite> <!-- com.qa.addProductsDevTest.runner.TestRunner -->
