<?xml version="1.0" encoding="UTF-8"?>
<!-- Generated by org.testng.reporters.JUnitReportReporter -->
<testsuite hostname="DESKTOP-4T9R7PN" failures="0" tests="1" name="com.qa.addProductsDevTest.runner.TestRunner" time="336.591" errors="0" timestamp="28 Dec 2020 11:23:07 GMT">
  <testcase classname="com.qa.addProductsDevTest.runner.TestRunner" name="feature" time="336.591"/>
</testsuite> <!-- com.qa.addProductsDevTest.runner.TestRunner -->
